<?xml version="1.0" encoding="UTF-8"?>
<testsuite name="runners.ShoesRunner" tests="0" skipped="0" failures="0" errors="0" timestamp="1970-01-01T00:00:00" hostname="LAPTOP-DASABUPE" time="0.0">
  <properties/>
  <system-out><![CDATA[
?[33mUndefined scenarios:?[0m
file:///C:/Users/57305/Documents/Automatizacion%20de%20pruebas/senasoft/senasoft/src/test/resources/features/shoes.feature:10 # add wallet into wishlist

1 Scenarios (?[33m1 undefined?[0m)
9 Steps (?[36m5 skipped?[0m, ?[33m1 undefined?[0m, ?[32m3 passed?[0m)
1m48,419s


You can implement missing steps with the snippets below:

@Given("the user is the index page")
public void theUserIsTheIndexPage() {
    // Write code here that turns the phrase above into concrete actions
    throw new io.cucumber.java.PendingException();
}

@When("the user clicks on Accesories option")
public void theUserClicksOnAccesoriesOption() {
    // Write code here that turns the phrase above into concrete actions
    throw new io.cucumber.java.PendingException();
}

@When("the user clicks on waller option")
public void theUserClicksOnWallerOption() {
    // Write code here that turns the phrase above into concrete actions
    throw new io.cucumber.java.PendingException();
}

@When("the user see the result of their search")
public void theUserSeeTheResultOfTheirSearch() {
    // Write code here that turns the phrase above into concrete actions
    throw new io.cucumber.java.PendingException();
}

@When("the user clicks the favorite option")
public void theUserClicksTheFavoriteOption() {
    // Write code here that turns the phrase above into concrete actions
    throw new io.cucumber.java.PendingException();
}

@When("the user clicks on añadir a la lista de deseos")
public void theUserClicksOnAñadirALaListaDeDeseos() {
    // Write code here that turns the phrase above into concrete actions
    throw new io.cucumber.java.PendingException();
}


]]></system-out>
  <system-err><![CDATA[[Test worker] INFO io.cucumber.core.plugin.SerenityReporter - Running feature from file:///C:/Users/57305/Documents/Automatizacion%20de%20pruebas/senasoft/senasoft/src/test/resources/features/shoes.feature
[Test worker] INFO  - 

-------------------------------------------------------------------------------------
     _______. _______ .______       _______ .__   __.  __  .___________.____    ____ 
    /       ||   ____||   _  \     |   ____||  \ |  | |  | |           |\   \  /   / 
   |   (----`|  |__   |  |_)  |    |  |__   |   \|  | |  | `---|  |----` \   \/   /  
    \   \    |   __|  |      /     |   __|  |  . `  | |  |     |  |       \_    _/   
.----)   |   |  |____ |  |\  \----.|  |____ |  |\   | |  |     |  |         |  |     
|_______/    |_______|| _| `._____||_______||__| \__| |__|     |__|         |__|    
                                                                                     
 News and tutorials at http://www.serenity-bdd.info                                  
 Documentation at https://wakaleo.gitbooks.io/the-serenity-book/content/             
 Join the Serenity Community on Gitter: https://gitter.im/serenity-bdd/serenity-core 
 Serenity BDD Support and Training at http://serenity-bdd.info/#/trainingandsupport  
-------------------------------------------------------------------------------------

[Test worker] INFO  - Test Suite Started: Shoes module
[pool-1-thread-1] INFO net.thucydides.core.reports.ReportService - net.thucydides.core.reports.json.JSONTestOutcomeReporter@783dc0e7: Generating report for test outcome: Shoes module:add wallet into wishlist
[pool-2-thread-1] INFO net.thucydides.core.reports.ReportService - net.thucydides.core.reports.html.HtmlAcceptanceTestReporter@670c171c: Generating report for test outcome: Shoes module:add wallet into wishlist
[Test worker] INFO io.cucumber.core.plugin.SerenityReporter - Cleanup test resources for URI file:///C:/Users/57305/Documents/Automatizacion%20de%20pruebas/senasoft/senasoft/src/test/resources/features/shoes.feature
]]></system-err>
</testsuite>
