<?xml version="1.0" encoding="UTF-8"?>
<testsuite name="runners.RegisterRunner" tests="0" skipped="0" failures="0" errors="0" timestamp="1970-01-01T00:00:00" hostname="DESKTOP-0AB3449" time="0.0">
  <properties/>
  <system-out><![CDATA[
1 Scenarios (?[32m1 passed?[0m)
3 Steps (?[32m3 passed?[0m)
<<<<<<< HEAD:senasoft/build/test-results/test/TEST-runners.RegisterRunner.xml
0m45.193s
=======
0m18,951s
>>>>>>> 3578aee6cd61c8caae78fd42ca329b50e1f3af7a:senasoft/build/test-results/test/TEST-runners.LoginRunner.xml


]]></system-out>
  <system-err><![CDATA[[Test worker] INFO io.cucumber.core.plugin.SerenityReporter - Running feature from file:///C:/Users/User/Documents/senasoft/senasoft/src/test/resources/features/register.feature
[Test worker] INFO  - 

-------------------------------------------------------------------------------------
     _______. _______ .______       _______ .__   __.  __  .___________.____    ____ 
    /       ||   ____||   _  \     |   ____||  \ |  | |  | |           |\   \  /   / 
   |   (----`|  |__   |  |_)  |    |  |__   |   \|  | |  | `---|  |----` \   \/   /  
    \   \    |   __|  |      /     |   __|  |  . `  | |  |     |  |       \_    _/   
.----)   |   |  |____ |  |\  \----.|  |____ |  |\   | |  |     |  |         |  |     
|_______/    |_______|| _| `._____||_______||__| \__| |__|     |__|         |__|    
                                                                                     
 News and tutorials at http://www.serenity-bdd.info                                  
 Documentation at https://wakaleo.gitbooks.io/the-serenity-book/content/             
 Join the Serenity Community on Gitter: https://gitter.im/serenity-bdd/serenity-core 
 Serenity BDD Support and Training at http://serenity-bdd.info/#/trainingandsupport  
-------------------------------------------------------------------------------------

<<<<<<< HEAD:senasoft/build/test-results/test/TEST-runners.RegisterRunner.xml
[Test worker] INFO  - Test Suite Started: Sign in
[pool-1-thread-1] INFO net.thucydides.core.reports.ReportService - net.thucydides.core.reports.json.JSONTestOutcomeReporter@8b89b3a: Generating report for test outcome: Sign in:register Sucessfull
[pool-2-thread-1] INFO net.thucydides.core.reports.ReportService - net.thucydides.core.reports.html.HtmlAcceptanceTestReporter@2ecdcfe3: Generating report for test outcome: Sign in:register Sucessfull
[Test worker] INFO io.cucumber.core.plugin.SerenityReporter - Cleanup test resources for URI file:///C:/Users/User/Documents/senasoft/senasoft/src/test/resources/features/register.feature
=======
[Test worker] INFO  - Test Suite Started: Login
[pool-1-thread-1] INFO net.thucydides.core.reports.ReportService - net.thucydides.core.reports.json.JSONTestOutcomeReporter@4641f66c: Generating report for test outcome: Login:Successful Login
[pool-2-thread-1] INFO net.thucydides.core.reports.ReportService - net.thucydides.core.reports.html.HtmlAcceptanceTestReporter@7e76a66f: Generating report for test outcome: Login:Successful Login
[Test worker] INFO io.cucumber.core.plugin.SerenityReporter - Cleanup test resources for URI file:///C:/Users/57305/Documents/Automatizacion%20de%20pruebas/senasoft/senasoft/src/test/resources/features/login.feature
>>>>>>> 3578aee6cd61c8caae78fd42ca329b50e1f3af7a:senasoft/build/test-results/test/TEST-runners.LoginRunner.xml
]]></system-err>
</testsuite>
